17:51:41 INFO  : Registering command handlers for SDK TCF services
17:51:42 INFO  : Launching XSCT server: xsct.bat -interactive C:\Users\khazi\projects\GPIO_init\GPIO_init.sdk\temp_xsdb_launch_script.tcl
17:51:45 INFO  : XSCT server has started successfully.
17:51:45 INFO  : Successfully done setting XSCT server connection channel  
17:51:45 INFO  : Successfully done setting SDK workspace  
17:51:45 INFO  : Processing command line option -hwspec C:/Users/khazi/projects/GPIO_init/GPIO_init.sdk/design_1_wrapper.hdf.
18:41:20 INFO  : SDK has detected change in the last modified timestamps for source hardware specification file Source:1564418452633,  Project:1564406017884
18:41:20 INFO  : Project design_1_wrapper_hw_platform_0's source hardware specification located at C:/Users/khazi/projects/GPIO_init/GPIO_init.sdk/design_1_wrapper.hdf is now different from the local copy.
		 The local copy will be replaced with the source specification and your workspace will be updated.
18:41:42 INFO  : Project design_1_wrapper_hw_platform_0's source hardware specification location will not be monitored anymore.
18:46:08 INFO  : Connected to target on host '127.0.0.1' and port '3121'.
18:46:10 INFO  : Jtag cable 'Digilent JTAG-SMT2NC 210308A74D50' is selected.
18:46:10 INFO  : 'jtag frequency' command is executed.
18:46:10 INFO  : Sourcing of 'C:/Xilinx/SDK/2018.3/scripts/sdk/util/zynqmp_utils.tcl' is done.
18:46:10 INFO  : Context for 'APU' is selected.
18:46:11 INFO  : Hardware design information is loaded from 'C:/Users/khazi/projects/GPIO_init/GPIO_init.sdk/design_1_wrapper_hw_platform_0/system.hdf'.
18:46:11 INFO  : 'configparams force-mem-access 1' command is executed.
18:46:11 INFO  : Context for 'APU' is selected.
18:46:11 INFO  : Sourcing of 'C:/Users/khazi/projects/GPIO_init/GPIO_init.sdk/design_1_wrapper_hw_platform_0/psu_init.tcl' is done.
18:46:14 INFO  : 'psu_init' command is executed.
18:46:15 INFO  : 'after 1000' command is executed.
18:46:15 INFO  : 'psu_ps_pl_isolation_removal' command is executed.
18:46:16 INFO  : 'after 1000' command is executed.
18:46:16 INFO  : 'psu_ps_pl_reset_config' command is executed.
18:46:16 INFO  : 'catch {psu_protection}' command is executed.
18:46:16 INFO  : Context for processor 'psu_cortexa53_0' is selected.
18:46:16 INFO  : Processor reset is completed for 'psu_cortexa53_0'.
18:46:17 INFO  : The application 'C:/Users/khazi/projects/GPIO_init/GPIO_init.sdk/gpio_led/Debug/gpio_led.elf' is downloaded to processor 'psu_cortexa53_0'.
18:46:17 INFO  : 'configparams force-mem-access 0' command is executed.
18:46:17 INFO  : ----------------XSDB Script----------------
connect -url tcp:127.0.0.1:3121
source C:/Xilinx/SDK/2018.3/scripts/sdk/util/zynqmp_utils.tcl
targets -set -nocase -filter {name =~"APU*" && jtag_cable_name =~ "Digilent JTAG-SMT2NC 210308A74D50"} -index 1
loadhw -hw C:/Users/khazi/projects/GPIO_init/GPIO_init.sdk/design_1_wrapper_hw_platform_0/system.hdf -mem-ranges [list {0x80000000 0xbfffffff} {0x400000000 0x5ffffffff} {0x1000000000 0x7fffffffff}]
configparams force-mem-access 1
targets -set -nocase -filter {name =~"APU*" && jtag_cable_name =~ "Digilent JTAG-SMT2NC 210308A74D50"} -index 1
source C:/Users/khazi/projects/GPIO_init/GPIO_init.sdk/design_1_wrapper_hw_platform_0/psu_init.tcl
psu_init
after 1000
psu_ps_pl_isolation_removal
after 1000
psu_ps_pl_reset_config
catch {psu_protection}
targets -set -nocase -filter {name =~"*A53*0" && jtag_cable_name =~ "Digilent JTAG-SMT2NC 210308A74D50"} -index 1
rst -processor
dow C:/Users/khazi/projects/GPIO_init/GPIO_init.sdk/gpio_led/Debug/gpio_led.elf
configparams force-mem-access 0
----------------End of Script----------------

18:46:17 INFO  : Context for processor 'psu_cortexa53_0' is selected.
18:46:17 INFO  : 'con' command is executed.
18:46:17 INFO  : ----------------XSDB Script (After Launch)----------------
targets -set -nocase -filter {name =~"*A53*0" && jtag_cable_name =~ "Digilent JTAG-SMT2NC 210308A74D50"} -index 1
con
----------------End of Script----------------

18:46:17 INFO  : Launch script is exported to file 'C:\Users\khazi\projects\GPIO_init\GPIO_init.sdk\.sdk\launch_scripts\xilinx_c-c++_application_(system_debugger)\system_debugger_using_debug_gpio_led.elf_on_local.tcl'
18:46:58 INFO  : Connected to target on host '127.0.0.1' and port '3121'.
18:46:58 INFO  : 'targets -set -filter {jtag_cable_name =~ "Digilent JTAG-SMT2NC 210308A74D50" && level==0} -index 0' command is executed.
18:47:14 INFO  : FPGA configured successfully with bitstream "C:/Users/khazi/projects/GPIO_init/GPIO_init.sdk/design_1_wrapper_hw_platform_0/design_1_wrapper.bit"
18:48:04 INFO  : Disconnected from the channel tcfchan#1.
18:48:10 INFO  : Connected to target on host '127.0.0.1' and port '3121'.
18:48:25 INFO  : Jtag cable 'Digilent JTAG-SMT2NC 210308A74D50' is selected.
18:48:25 INFO  : 'jtag frequency' command is executed.
18:48:25 INFO  : Sourcing of 'C:/Xilinx/SDK/2018.3/scripts/sdk/util/zynqmp_utils.tcl' is done.
18:48:25 INFO  : Context for 'APU' is selected.
18:48:25 INFO  : Hardware design information is loaded from 'C:/Users/khazi/projects/GPIO_init/GPIO_init.sdk/design_1_wrapper_hw_platform_0/system.hdf'.
18:48:25 INFO  : 'configparams force-mem-access 1' command is executed.
18:48:25 INFO  : Context for 'APU' is selected.
18:48:25 INFO  : Sourcing of 'C:/Users/khazi/projects/GPIO_init/GPIO_init.sdk/design_1_wrapper_hw_platform_0/psu_init.tcl' is done.
18:48:27 INFO  : 'psu_init' command is executed.
18:48:28 INFO  : 'after 1000' command is executed.
18:48:28 INFO  : 'psu_ps_pl_isolation_removal' command is executed.
18:48:29 INFO  : 'after 1000' command is executed.
18:48:29 INFO  : 'psu_ps_pl_reset_config' command is executed.
18:48:29 INFO  : 'catch {psu_protection}' command is executed.
18:48:30 INFO  : Context for processor 'psu_cortexa53_0' is selected.
18:48:30 INFO  : Processor reset is completed for 'psu_cortexa53_0'.
18:48:31 ERROR : Memory write error at 0x0. Cannot read sctlr_el3. Cannot read r0. Instruction transfer timeout
18:48:31 INFO  : ----------------XSDB Script----------------
connect -url tcp:127.0.0.1:3121
source C:/Xilinx/SDK/2018.3/scripts/sdk/util/zynqmp_utils.tcl
targets -set -nocase -filter {name =~"APU*" && jtag_cable_name =~ "Digilent JTAG-SMT2NC 210308A74D50"} -index 1
loadhw -hw C:/Users/khazi/projects/GPIO_init/GPIO_init.sdk/design_1_wrapper_hw_platform_0/system.hdf -mem-ranges [list {0x80000000 0xbfffffff} {0x400000000 0x5ffffffff} {0x1000000000 0x7fffffffff}]
configparams force-mem-access 1
targets -set -nocase -filter {name =~"APU*" && jtag_cable_name =~ "Digilent JTAG-SMT2NC 210308A74D50"} -index 1
source C:/Users/khazi/projects/GPIO_init/GPIO_init.sdk/design_1_wrapper_hw_platform_0/psu_init.tcl
psu_init
after 1000
psu_ps_pl_isolation_removal
after 1000
psu_ps_pl_reset_config
catch {psu_protection}
targets -set -nocase -filter {name =~"*A53*0" && jtag_cable_name =~ "Digilent JTAG-SMT2NC 210308A74D50"} -index 1
rst -processor
dow C:/Users/khazi/projects/GPIO_init/GPIO_init.sdk/gpio_led/Debug/gpio_led.elf
----------------End of Script----------------

18:49:03 INFO  : Connected to target on host '127.0.0.1' and port '3121'.
18:49:03 INFO  : 'targets -set -filter {jtag_cable_name =~ "Digilent JTAG-SMT2NC 210308A74D50" && level==0} -index 0' command is executed.
18:49:20 ERROR : fpga configuration failed. DONE PIN is not HIGH
18:49:41 INFO  : Connected to target on host '127.0.0.1' and port '3121'.
18:49:41 INFO  : 'targets -set -filter {jtag_cable_name =~ "Digilent JTAG-SMT2NC 210308A74D50" && level==0} -index 0' command is executed.
18:49:59 ERROR : fpga configuration failed. DONE PIN is not HIGH
18:53:01 INFO  : Connected to target on host '127.0.0.1' and port '3121'.
18:53:02 INFO  : 'targets -set -filter {jtag_cable_name =~ "Digilent JTAG-SMT2NC 210308A74D50" && level==0} -index 0' command is executed.
18:53:19 ERROR : fpga configuration failed. DONE PIN is not HIGH
19:11:05 INFO  : Connected to target on host '127.0.0.1' and port '3121'.
19:11:06 INFO  : 'targets -set -filter {jtag_cable_name =~ "Digilent JTAG-SMT2NC 210308A74D50" && level==0} -index 0' command is executed.
19:11:23 ERROR : fpga configuration failed. DONE PIN is not HIGH
19:13:17 INFO  : Connected to target on host '127.0.0.1' and port '3121'.
19:13:18 INFO  : Jtag cable 'Digilent JTAG-SMT2NC 210308A74D50' is selected.
19:13:18 INFO  : 'jtag frequency' command is executed.
19:13:18 INFO  : Sourcing of 'C:/Xilinx/SDK/2018.3/scripts/sdk/util/zynqmp_utils.tcl' is done.
19:13:18 INFO  : Context for 'APU' is selected.
19:13:18 INFO  : Hardware design information is loaded from 'C:/Users/khazi/projects/GPIO_init/GPIO_init.sdk/design_1_wrapper_hw_platform_0/system.hdf'.
19:13:18 INFO  : 'configparams force-mem-access 1' command is executed.
19:13:18 INFO  : Context for 'APU' is selected.
19:13:18 INFO  : Sourcing of 'C:/Users/khazi/projects/GPIO_init/GPIO_init.sdk/design_1_wrapper_hw_platform_0/psu_init.tcl' is done.
19:13:20 INFO  : 'psu_init' command is executed.
19:13:21 INFO  : 'after 1000' command is executed.
19:13:21 INFO  : 'psu_ps_pl_isolation_removal' command is executed.
19:13:22 INFO  : 'after 1000' command is executed.
19:13:22 INFO  : 'psu_ps_pl_reset_config' command is executed.
19:13:22 INFO  : 'catch {psu_protection}' command is executed.
19:13:22 INFO  : Context for processor 'psu_cortexa53_0' is selected.
19:13:22 INFO  : Processor reset is completed for 'psu_cortexa53_0'.
19:13:23 INFO  : The application 'C:/Users/khazi/projects/GPIO_init/GPIO_init.sdk/gpio_led/Debug/gpio_led.elf' is downloaded to processor 'psu_cortexa53_0'.
19:13:23 INFO  : 'configparams force-mem-access 0' command is executed.
19:13:23 INFO  : ----------------XSDB Script----------------
connect -url tcp:127.0.0.1:3121
source C:/Xilinx/SDK/2018.3/scripts/sdk/util/zynqmp_utils.tcl
targets -set -nocase -filter {name =~"APU*" && jtag_cable_name =~ "Digilent JTAG-SMT2NC 210308A74D50"} -index 1
loadhw -hw C:/Users/khazi/projects/GPIO_init/GPIO_init.sdk/design_1_wrapper_hw_platform_0/system.hdf -mem-ranges [list {0x80000000 0xbfffffff} {0x400000000 0x5ffffffff} {0x1000000000 0x7fffffffff}]
configparams force-mem-access 1
targets -set -nocase -filter {name =~"APU*" && jtag_cable_name =~ "Digilent JTAG-SMT2NC 210308A74D50"} -index 1
source C:/Users/khazi/projects/GPIO_init/GPIO_init.sdk/design_1_wrapper_hw_platform_0/psu_init.tcl
psu_init
after 1000
psu_ps_pl_isolation_removal
after 1000
psu_ps_pl_reset_config
catch {psu_protection}
targets -set -nocase -filter {name =~"*A53*0" && jtag_cable_name =~ "Digilent JTAG-SMT2NC 210308A74D50"} -index 1
rst -processor
dow C:/Users/khazi/projects/GPIO_init/GPIO_init.sdk/gpio_led/Debug/gpio_led.elf
configparams force-mem-access 0
----------------End of Script----------------

19:13:23 INFO  : Context for processor 'psu_cortexa53_0' is selected.
19:13:23 INFO  : 'con' command is executed.
19:13:23 INFO  : ----------------XSDB Script (After Launch)----------------
targets -set -nocase -filter {name =~"*A53*0" && jtag_cable_name =~ "Digilent JTAG-SMT2NC 210308A74D50"} -index 1
con
----------------End of Script----------------

19:13:23 INFO  : Launch script is exported to file 'C:\Users\khazi\projects\GPIO_init\GPIO_init.sdk\.sdk\launch_scripts\xilinx_c-c++_application_(system_debugger)\system_debugger_using_debug_gpio_led.elf_on_local.tcl'
19:25:11 INFO  : Disconnected from the channel tcfchan#2.
19:25:12 INFO  : Connected to target on host '127.0.0.1' and port '3121'.
19:25:21 INFO  : Jtag cable 'Digilent JTAG-SMT2NC 210308A74D50' is selected.
19:25:21 INFO  : 'jtag frequency' command is executed.
19:25:21 INFO  : Sourcing of 'C:/Xilinx/SDK/2018.3/scripts/sdk/util/zynqmp_utils.tcl' is done.
19:25:21 INFO  : Context for 'APU' is selected.
19:25:21 INFO  : Hardware design information is loaded from 'C:/Users/khazi/projects/GPIO_init/GPIO_init.sdk/design_1_wrapper_hw_platform_0/system.hdf'.
19:25:21 INFO  : 'configparams force-mem-access 1' command is executed.
19:25:21 INFO  : Context for 'APU' is selected.
19:25:21 INFO  : Sourcing of 'C:/Users/khazi/projects/GPIO_init/GPIO_init.sdk/design_1_wrapper_hw_platform_0/psu_init.tcl' is done.
19:25:24 INFO  : 'psu_init' command is executed.
19:25:25 INFO  : 'after 1000' command is executed.
19:25:25 INFO  : 'psu_ps_pl_isolation_removal' command is executed.
19:25:26 INFO  : 'after 1000' command is executed.
19:25:26 INFO  : 'psu_ps_pl_reset_config' command is executed.
19:25:26 INFO  : 'catch {psu_protection}' command is executed.
19:25:26 INFO  : Context for processor 'psu_cortexa53_0' is selected.
19:25:26 INFO  : Processor reset is completed for 'psu_cortexa53_0'.
19:25:27 INFO  : The application 'C:/Users/khazi/projects/GPIO_init/GPIO_init.sdk/gpio_led/Debug/gpio_led.elf' is downloaded to processor 'psu_cortexa53_0'.
19:25:27 INFO  : 'configparams force-mem-access 0' command is executed.
19:25:27 INFO  : ----------------XSDB Script----------------
connect -url tcp:127.0.0.1:3121
source C:/Xilinx/SDK/2018.3/scripts/sdk/util/zynqmp_utils.tcl
targets -set -nocase -filter {name =~"APU*" && jtag_cable_name =~ "Digilent JTAG-SMT2NC 210308A74D50"} -index 1
loadhw -hw C:/Users/khazi/projects/GPIO_init/GPIO_init.sdk/design_1_wrapper_hw_platform_0/system.hdf -mem-ranges [list {0x80000000 0xbfffffff} {0x400000000 0x5ffffffff} {0x1000000000 0x7fffffffff}]
configparams force-mem-access 1
targets -set -nocase -filter {name =~"APU*" && jtag_cable_name =~ "Digilent JTAG-SMT2NC 210308A74D50"} -index 1
source C:/Users/khazi/projects/GPIO_init/GPIO_init.sdk/design_1_wrapper_hw_platform_0/psu_init.tcl
psu_init
after 1000
psu_ps_pl_isolation_removal
after 1000
psu_ps_pl_reset_config
catch {psu_protection}
targets -set -nocase -filter {name =~"*A53*0" && jtag_cable_name =~ "Digilent JTAG-SMT2NC 210308A74D50"} -index 1
rst -processor
dow C:/Users/khazi/projects/GPIO_init/GPIO_init.sdk/gpio_led/Debug/gpio_led.elf
configparams force-mem-access 0
----------------End of Script----------------

19:25:27 INFO  : Context for processor 'psu_cortexa53_0' is selected.
19:25:27 INFO  : 'con' command is executed.
19:25:27 INFO  : ----------------XSDB Script (After Launch)----------------
targets -set -nocase -filter {name =~"*A53*0" && jtag_cable_name =~ "Digilent JTAG-SMT2NC 210308A74D50"} -index 1
con
----------------End of Script----------------

19:25:27 INFO  : Launch script is exported to file 'C:\Users\khazi\projects\GPIO_init\GPIO_init.sdk\.sdk\launch_scripts\xilinx_c-c++_application_(system_debugger)\system_debugger_using_debug_gpio_led.elf_on_local.tcl'
19:39:55 INFO  : Disconnected from the channel tcfchan#3.
19:39:56 INFO  : Connected to target on host '127.0.0.1' and port '3121'.
19:40:04 INFO  : Jtag cable 'Digilent JTAG-SMT2NC 210308A74D50' is selected.
19:40:04 INFO  : 'jtag frequency' command is executed.
19:40:04 INFO  : Sourcing of 'C:/Xilinx/SDK/2018.3/scripts/sdk/util/zynqmp_utils.tcl' is done.
19:40:04 INFO  : Context for 'APU' is selected.
19:40:05 INFO  : Hardware design information is loaded from 'C:/Users/khazi/projects/GPIO_init/GPIO_init.sdk/design_1_wrapper_hw_platform_0/system.hdf'.
19:40:05 INFO  : 'configparams force-mem-access 1' command is executed.
19:40:05 INFO  : Context for 'APU' is selected.
19:40:05 INFO  : Sourcing of 'C:/Users/khazi/projects/GPIO_init/GPIO_init.sdk/design_1_wrapper_hw_platform_0/psu_init.tcl' is done.
19:40:07 INFO  : 'psu_init' command is executed.
19:40:08 INFO  : 'after 1000' command is executed.
19:40:08 INFO  : 'psu_ps_pl_isolation_removal' command is executed.
19:40:09 INFO  : 'after 1000' command is executed.
19:40:09 INFO  : 'psu_ps_pl_reset_config' command is executed.
19:40:09 INFO  : 'catch {psu_protection}' command is executed.
19:40:09 INFO  : Context for processor 'psu_cortexa53_0' is selected.
19:40:09 INFO  : Processor reset is completed for 'psu_cortexa53_0'.
19:40:10 INFO  : The application 'C:/Users/khazi/projects/GPIO_init/GPIO_init.sdk/gpio_led/Debug/gpio_led.elf' is downloaded to processor 'psu_cortexa53_0'.
19:40:10 INFO  : 'configparams force-mem-access 0' command is executed.
19:40:10 INFO  : ----------------XSDB Script----------------
connect -url tcp:127.0.0.1:3121
source C:/Xilinx/SDK/2018.3/scripts/sdk/util/zynqmp_utils.tcl
targets -set -nocase -filter {name =~"APU*" && jtag_cable_name =~ "Digilent JTAG-SMT2NC 210308A74D50"} -index 1
loadhw -hw C:/Users/khazi/projects/GPIO_init/GPIO_init.sdk/design_1_wrapper_hw_platform_0/system.hdf -mem-ranges [list {0x80000000 0xbfffffff} {0x400000000 0x5ffffffff} {0x1000000000 0x7fffffffff}]
configparams force-mem-access 1
targets -set -nocase -filter {name =~"APU*" && jtag_cable_name =~ "Digilent JTAG-SMT2NC 210308A74D50"} -index 1
source C:/Users/khazi/projects/GPIO_init/GPIO_init.sdk/design_1_wrapper_hw_platform_0/psu_init.tcl
psu_init
after 1000
psu_ps_pl_isolation_removal
after 1000
psu_ps_pl_reset_config
catch {psu_protection}
targets -set -nocase -filter {name =~"*A53*0" && jtag_cable_name =~ "Digilent JTAG-SMT2NC 210308A74D50"} -index 1
rst -processor
dow C:/Users/khazi/projects/GPIO_init/GPIO_init.sdk/gpio_led/Debug/gpio_led.elf
configparams force-mem-access 0
----------------End of Script----------------

19:40:10 INFO  : Context for processor 'psu_cortexa53_0' is selected.
19:40:10 INFO  : 'con' command is executed.
19:40:10 INFO  : ----------------XSDB Script (After Launch)----------------
targets -set -nocase -filter {name =~"*A53*0" && jtag_cable_name =~ "Digilent JTAG-SMT2NC 210308A74D50"} -index 1
con
----------------End of Script----------------

19:40:10 INFO  : Launch script is exported to file 'C:\Users\khazi\projects\GPIO_init\GPIO_init.sdk\.sdk\launch_scripts\xilinx_c-c++_application_(system_debugger)\system_debugger_using_debug_gpio_led.elf_on_local.tcl'
19:41:58 INFO  : Disconnected from the channel tcfchan#4.
19:41:59 INFO  : Connected to target on host '127.0.0.1' and port '3121'.
19:42:07 INFO  : Jtag cable 'Digilent JTAG-SMT2NC 210308A74D50' is selected.
19:42:07 INFO  : 'jtag frequency' command is executed.
19:42:07 INFO  : Sourcing of 'C:/Xilinx/SDK/2018.3/scripts/sdk/util/zynqmp_utils.tcl' is done.
19:42:07 INFO  : Context for 'APU' is selected.
19:42:08 INFO  : Hardware design information is loaded from 'C:/Users/khazi/projects/GPIO_init/GPIO_init.sdk/design_1_wrapper_hw_platform_0/system.hdf'.
19:42:08 INFO  : 'configparams force-mem-access 1' command is executed.
19:42:08 INFO  : Context for 'APU' is selected.
19:42:08 INFO  : Sourcing of 'C:/Users/khazi/projects/GPIO_init/GPIO_init.sdk/design_1_wrapper_hw_platform_0/psu_init.tcl' is done.
19:42:10 INFO  : 'psu_init' command is executed.
19:42:11 INFO  : 'after 1000' command is executed.
19:42:11 INFO  : 'psu_ps_pl_isolation_removal' command is executed.
19:42:12 INFO  : 'after 1000' command is executed.
19:42:12 INFO  : 'psu_ps_pl_reset_config' command is executed.
19:42:12 INFO  : 'catch {psu_protection}' command is executed.
19:42:12 INFO  : Context for processor 'psu_cortexa53_0' is selected.
19:42:12 INFO  : Processor reset is completed for 'psu_cortexa53_0'.
19:42:12 INFO  : The application 'C:/Users/khazi/projects/GPIO_init/GPIO_init.sdk/gpio_led/Debug/gpio_led.elf' is downloaded to processor 'psu_cortexa53_0'.
19:42:12 INFO  : 'configparams force-mem-access 0' command is executed.
19:42:12 INFO  : ----------------XSDB Script----------------
connect -url tcp:127.0.0.1:3121
source C:/Xilinx/SDK/2018.3/scripts/sdk/util/zynqmp_utils.tcl
targets -set -nocase -filter {name =~"APU*" && jtag_cable_name =~ "Digilent JTAG-SMT2NC 210308A74D50"} -index 1
loadhw -hw C:/Users/khazi/projects/GPIO_init/GPIO_init.sdk/design_1_wrapper_hw_platform_0/system.hdf -mem-ranges [list {0x80000000 0xbfffffff} {0x400000000 0x5ffffffff} {0x1000000000 0x7fffffffff}]
configparams force-mem-access 1
targets -set -nocase -filter {name =~"APU*" && jtag_cable_name =~ "Digilent JTAG-SMT2NC 210308A74D50"} -index 1
source C:/Users/khazi/projects/GPIO_init/GPIO_init.sdk/design_1_wrapper_hw_platform_0/psu_init.tcl
psu_init
after 1000
psu_ps_pl_isolation_removal
after 1000
psu_ps_pl_reset_config
catch {psu_protection}
targets -set -nocase -filter {name =~"*A53*0" && jtag_cable_name =~ "Digilent JTAG-SMT2NC 210308A74D50"} -index 1
rst -processor
dow C:/Users/khazi/projects/GPIO_init/GPIO_init.sdk/gpio_led/Debug/gpio_led.elf
configparams force-mem-access 0
----------------End of Script----------------

19:42:13 INFO  : Context for processor 'psu_cortexa53_0' is selected.
19:42:13 INFO  : 'con' command is executed.
19:42:13 INFO  : ----------------XSDB Script (After Launch)----------------
targets -set -nocase -filter {name =~"*A53*0" && jtag_cable_name =~ "Digilent JTAG-SMT2NC 210308A74D50"} -index 1
con
----------------End of Script----------------

19:42:13 INFO  : Launch script is exported to file 'C:\Users\khazi\projects\GPIO_init\GPIO_init.sdk\.sdk\launch_scripts\xilinx_c-c++_application_(system_debugger)\system_debugger_using_debug_gpio_led.elf_on_local.tcl'
19:45:38 INFO  : Disconnected from the channel tcfchan#5.
19:45:39 INFO  : Connected to target on host '127.0.0.1' and port '3121'.
19:45:48 INFO  : Jtag cable 'Digilent JTAG-SMT2NC 210308A74D50' is selected.
19:45:48 INFO  : 'jtag frequency' command is executed.
19:45:48 INFO  : Sourcing of 'C:/Xilinx/SDK/2018.3/scripts/sdk/util/zynqmp_utils.tcl' is done.
19:45:48 INFO  : Context for 'APU' is selected.
19:45:48 INFO  : Hardware design information is loaded from 'C:/Users/khazi/projects/GPIO_init/GPIO_init.sdk/design_1_wrapper_hw_platform_0/system.hdf'.
19:45:48 INFO  : 'configparams force-mem-access 1' command is executed.
19:45:48 INFO  : Context for 'APU' is selected.
19:45:48 INFO  : Sourcing of 'C:/Users/khazi/projects/GPIO_init/GPIO_init.sdk/design_1_wrapper_hw_platform_0/psu_init.tcl' is done.
19:45:50 INFO  : 'psu_init' command is executed.
19:45:51 INFO  : 'after 1000' command is executed.
19:45:51 INFO  : 'psu_ps_pl_isolation_removal' command is executed.
19:45:52 INFO  : 'after 1000' command is executed.
19:45:52 INFO  : 'psu_ps_pl_reset_config' command is executed.
19:45:52 INFO  : 'catch {psu_protection}' command is executed.
19:45:52 INFO  : Context for processor 'psu_cortexa53_0' is selected.
19:45:52 INFO  : Processor reset is completed for 'psu_cortexa53_0'.
19:45:53 INFO  : The application 'C:/Users/khazi/projects/GPIO_init/GPIO_init.sdk/gpio_led/Debug/gpio_led.elf' is downloaded to processor 'psu_cortexa53_0'.
19:45:53 INFO  : 'configparams force-mem-access 0' command is executed.
19:45:53 INFO  : ----------------XSDB Script----------------
connect -url tcp:127.0.0.1:3121
source C:/Xilinx/SDK/2018.3/scripts/sdk/util/zynqmp_utils.tcl
targets -set -nocase -filter {name =~"APU*" && jtag_cable_name =~ "Digilent JTAG-SMT2NC 210308A74D50"} -index 1
loadhw -hw C:/Users/khazi/projects/GPIO_init/GPIO_init.sdk/design_1_wrapper_hw_platform_0/system.hdf -mem-ranges [list {0x80000000 0xbfffffff} {0x400000000 0x5ffffffff} {0x1000000000 0x7fffffffff}]
configparams force-mem-access 1
targets -set -nocase -filter {name =~"APU*" && jtag_cable_name =~ "Digilent JTAG-SMT2NC 210308A74D50"} -index 1
source C:/Users/khazi/projects/GPIO_init/GPIO_init.sdk/design_1_wrapper_hw_platform_0/psu_init.tcl
psu_init
after 1000
psu_ps_pl_isolation_removal
after 1000
psu_ps_pl_reset_config
catch {psu_protection}
targets -set -nocase -filter {name =~"*A53*0" && jtag_cable_name =~ "Digilent JTAG-SMT2NC 210308A74D50"} -index 1
rst -processor
dow C:/Users/khazi/projects/GPIO_init/GPIO_init.sdk/gpio_led/Debug/gpio_led.elf
configparams force-mem-access 0
----------------End of Script----------------

19:45:53 INFO  : Context for processor 'psu_cortexa53_0' is selected.
19:45:53 INFO  : 'con' command is executed.
19:45:53 INFO  : ----------------XSDB Script (After Launch)----------------
targets -set -nocase -filter {name =~"*A53*0" && jtag_cable_name =~ "Digilent JTAG-SMT2NC 210308A74D50"} -index 1
con
----------------End of Script----------------

19:45:53 INFO  : Launch script is exported to file 'C:\Users\khazi\projects\GPIO_init\GPIO_init.sdk\.sdk\launch_scripts\xilinx_c-c++_application_(system_debugger)\system_debugger_using_debug_gpio_led.elf_on_local.tcl'
19:48:36 INFO  : Disconnected from the channel tcfchan#6.
19:48:37 INFO  : Connected to target on host '127.0.0.1' and port '3121'.
19:48:46 INFO  : Jtag cable 'Digilent JTAG-SMT2NC 210308A74D50' is selected.
19:48:46 INFO  : 'jtag frequency' command is executed.
19:48:46 INFO  : Sourcing of 'C:/Xilinx/SDK/2018.3/scripts/sdk/util/zynqmp_utils.tcl' is done.
19:48:46 INFO  : Context for 'APU' is selected.
19:48:46 INFO  : Hardware design information is loaded from 'C:/Users/khazi/projects/GPIO_init/GPIO_init.sdk/design_1_wrapper_hw_platform_0/system.hdf'.
19:48:46 INFO  : 'configparams force-mem-access 1' command is executed.
19:48:46 INFO  : Context for 'APU' is selected.
19:48:46 INFO  : Sourcing of 'C:/Users/khazi/projects/GPIO_init/GPIO_init.sdk/design_1_wrapper_hw_platform_0/psu_init.tcl' is done.
19:48:49 INFO  : 'psu_init' command is executed.
19:48:50 INFO  : 'after 1000' command is executed.
19:48:50 INFO  : 'psu_ps_pl_isolation_removal' command is executed.
19:48:51 INFO  : 'after 1000' command is executed.
19:48:51 INFO  : 'psu_ps_pl_reset_config' command is executed.
19:48:51 INFO  : 'catch {psu_protection}' command is executed.
19:48:51 INFO  : Context for processor 'psu_cortexa53_0' is selected.
19:48:51 INFO  : Processor reset is completed for 'psu_cortexa53_0'.
19:48:52 INFO  : The application 'C:/Users/khazi/projects/GPIO_init/GPIO_init.sdk/gpio_led/Debug/gpio_led.elf' is downloaded to processor 'psu_cortexa53_0'.
19:48:52 INFO  : 'configparams force-mem-access 0' command is executed.
19:48:52 INFO  : ----------------XSDB Script----------------
connect -url tcp:127.0.0.1:3121
source C:/Xilinx/SDK/2018.3/scripts/sdk/util/zynqmp_utils.tcl
targets -set -nocase -filter {name =~"APU*" && jtag_cable_name =~ "Digilent JTAG-SMT2NC 210308A74D50"} -index 1
loadhw -hw C:/Users/khazi/projects/GPIO_init/GPIO_init.sdk/design_1_wrapper_hw_platform_0/system.hdf -mem-ranges [list {0x80000000 0xbfffffff} {0x400000000 0x5ffffffff} {0x1000000000 0x7fffffffff}]
configparams force-mem-access 1
targets -set -nocase -filter {name =~"APU*" && jtag_cable_name =~ "Digilent JTAG-SMT2NC 210308A74D50"} -index 1
source C:/Users/khazi/projects/GPIO_init/GPIO_init.sdk/design_1_wrapper_hw_platform_0/psu_init.tcl
psu_init
after 1000
psu_ps_pl_isolation_removal
after 1000
psu_ps_pl_reset_config
catch {psu_protection}
targets -set -nocase -filter {name =~"*A53*0" && jtag_cable_name =~ "Digilent JTAG-SMT2NC 210308A74D50"} -index 1
rst -processor
dow C:/Users/khazi/projects/GPIO_init/GPIO_init.sdk/gpio_led/Debug/gpio_led.elf
configparams force-mem-access 0
----------------End of Script----------------

19:48:52 INFO  : Context for processor 'psu_cortexa53_0' is selected.
19:48:52 INFO  : 'con' command is executed.
19:48:52 INFO  : ----------------XSDB Script (After Launch)----------------
targets -set -nocase -filter {name =~"*A53*0" && jtag_cable_name =~ "Digilent JTAG-SMT2NC 210308A74D50"} -index 1
con
----------------End of Script----------------

19:48:52 INFO  : Launch script is exported to file 'C:\Users\khazi\projects\GPIO_init\GPIO_init.sdk\.sdk\launch_scripts\xilinx_c-c++_application_(system_debugger)\system_debugger_using_debug_gpio_led.elf_on_local.tcl'
19:50:54 INFO  : Disconnected from the channel tcfchan#7.
19:50:55 INFO  : Connected to target on host '127.0.0.1' and port '3121'.
19:51:04 INFO  : Jtag cable 'Digilent JTAG-SMT2NC 210308A74D50' is selected.
19:51:04 INFO  : 'jtag frequency' command is executed.
19:51:04 INFO  : Sourcing of 'C:/Xilinx/SDK/2018.3/scripts/sdk/util/zynqmp_utils.tcl' is done.
19:51:04 INFO  : Context for 'APU' is selected.
19:51:04 INFO  : Hardware design information is loaded from 'C:/Users/khazi/projects/GPIO_init/GPIO_init.sdk/design_1_wrapper_hw_platform_0/system.hdf'.
19:51:04 INFO  : 'configparams force-mem-access 1' command is executed.
19:51:04 INFO  : Context for 'APU' is selected.
19:51:04 INFO  : Sourcing of 'C:/Users/khazi/projects/GPIO_init/GPIO_init.sdk/design_1_wrapper_hw_platform_0/psu_init.tcl' is done.
19:51:06 INFO  : 'psu_init' command is executed.
19:51:07 INFO  : 'after 1000' command is executed.
19:51:07 INFO  : 'psu_ps_pl_isolation_removal' command is executed.
19:51:08 INFO  : 'after 1000' command is executed.
19:51:08 INFO  : 'psu_ps_pl_reset_config' command is executed.
19:51:08 INFO  : 'catch {psu_protection}' command is executed.
19:51:08 INFO  : Context for processor 'psu_cortexa53_0' is selected.
19:51:08 INFO  : Processor reset is completed for 'psu_cortexa53_0'.
19:51:09 INFO  : The application 'C:/Users/khazi/projects/GPIO_init/GPIO_init.sdk/gpio_led/Debug/gpio_led.elf' is downloaded to processor 'psu_cortexa53_0'.
19:51:09 INFO  : 'configparams force-mem-access 0' command is executed.
19:51:09 INFO  : ----------------XSDB Script----------------
connect -url tcp:127.0.0.1:3121
source C:/Xilinx/SDK/2018.3/scripts/sdk/util/zynqmp_utils.tcl
targets -set -nocase -filter {name =~"APU*" && jtag_cable_name =~ "Digilent JTAG-SMT2NC 210308A74D50"} -index 1
loadhw -hw C:/Users/khazi/projects/GPIO_init/GPIO_init.sdk/design_1_wrapper_hw_platform_0/system.hdf -mem-ranges [list {0x80000000 0xbfffffff} {0x400000000 0x5ffffffff} {0x1000000000 0x7fffffffff}]
configparams force-mem-access 1
targets -set -nocase -filter {name =~"APU*" && jtag_cable_name =~ "Digilent JTAG-SMT2NC 210308A74D50"} -index 1
source C:/Users/khazi/projects/GPIO_init/GPIO_init.sdk/design_1_wrapper_hw_platform_0/psu_init.tcl
psu_init
after 1000
psu_ps_pl_isolation_removal
after 1000
psu_ps_pl_reset_config
catch {psu_protection}
targets -set -nocase -filter {name =~"*A53*0" && jtag_cable_name =~ "Digilent JTAG-SMT2NC 210308A74D50"} -index 1
rst -processor
dow C:/Users/khazi/projects/GPIO_init/GPIO_init.sdk/gpio_led/Debug/gpio_led.elf
configparams force-mem-access 0
----------------End of Script----------------

19:51:09 INFO  : Context for processor 'psu_cortexa53_0' is selected.
19:51:09 INFO  : 'con' command is executed.
19:51:09 INFO  : ----------------XSDB Script (After Launch)----------------
targets -set -nocase -filter {name =~"*A53*0" && jtag_cable_name =~ "Digilent JTAG-SMT2NC 210308A74D50"} -index 1
con
----------------End of Script----------------

19:51:09 INFO  : Launch script is exported to file 'C:\Users\khazi\projects\GPIO_init\GPIO_init.sdk\.sdk\launch_scripts\xilinx_c-c++_application_(system_debugger)\system_debugger_using_debug_gpio_led.elf_on_local.tcl'
19:52:22 INFO  : Disconnected from the channel tcfchan#8.
19:52:23 INFO  : Connected to target on host '127.0.0.1' and port '3121'.
19:52:32 INFO  : Jtag cable 'Digilent JTAG-SMT2NC 210308A74D50' is selected.
19:52:32 INFO  : 'jtag frequency' command is executed.
19:52:32 INFO  : Sourcing of 'C:/Xilinx/SDK/2018.3/scripts/sdk/util/zynqmp_utils.tcl' is done.
19:52:32 INFO  : Context for 'APU' is selected.
19:52:32 INFO  : Hardware design information is loaded from 'C:/Users/khazi/projects/GPIO_init/GPIO_init.sdk/design_1_wrapper_hw_platform_0/system.hdf'.
19:52:32 INFO  : 'configparams force-mem-access 1' command is executed.
19:52:32 INFO  : Context for 'APU' is selected.
19:52:32 INFO  : Sourcing of 'C:/Users/khazi/projects/GPIO_init/GPIO_init.sdk/design_1_wrapper_hw_platform_0/psu_init.tcl' is done.
19:52:34 INFO  : 'psu_init' command is executed.
19:52:35 INFO  : 'after 1000' command is executed.
19:52:35 INFO  : 'psu_ps_pl_isolation_removal' command is executed.
19:52:36 INFO  : 'after 1000' command is executed.
19:52:36 INFO  : 'psu_ps_pl_reset_config' command is executed.
19:52:36 INFO  : 'catch {psu_protection}' command is executed.
19:52:36 INFO  : Context for processor 'psu_cortexa53_0' is selected.
19:52:36 INFO  : Processor reset is completed for 'psu_cortexa53_0'.
19:52:37 INFO  : The application 'C:/Users/khazi/projects/GPIO_init/GPIO_init.sdk/gpio_led/Debug/gpio_led.elf' is downloaded to processor 'psu_cortexa53_0'.
19:52:37 INFO  : 'configparams force-mem-access 0' command is executed.
19:52:37 INFO  : ----------------XSDB Script----------------
connect -url tcp:127.0.0.1:3121
source C:/Xilinx/SDK/2018.3/scripts/sdk/util/zynqmp_utils.tcl
targets -set -nocase -filter {name =~"APU*" && jtag_cable_name =~ "Digilent JTAG-SMT2NC 210308A74D50"} -index 1
loadhw -hw C:/Users/khazi/projects/GPIO_init/GPIO_init.sdk/design_1_wrapper_hw_platform_0/system.hdf -mem-ranges [list {0x80000000 0xbfffffff} {0x400000000 0x5ffffffff} {0x1000000000 0x7fffffffff}]
configparams force-mem-access 1
targets -set -nocase -filter {name =~"APU*" && jtag_cable_name =~ "Digilent JTAG-SMT2NC 210308A74D50"} -index 1
source C:/Users/khazi/projects/GPIO_init/GPIO_init.sdk/design_1_wrapper_hw_platform_0/psu_init.tcl
psu_init
after 1000
psu_ps_pl_isolation_removal
after 1000
psu_ps_pl_reset_config
catch {psu_protection}
targets -set -nocase -filter {name =~"*A53*0" && jtag_cable_name =~ "Digilent JTAG-SMT2NC 210308A74D50"} -index 1
rst -processor
dow C:/Users/khazi/projects/GPIO_init/GPIO_init.sdk/gpio_led/Debug/gpio_led.elf
configparams force-mem-access 0
----------------End of Script----------------

19:52:37 INFO  : Context for processor 'psu_cortexa53_0' is selected.
19:52:37 INFO  : 'con' command is executed.
19:52:37 INFO  : ----------------XSDB Script (After Launch)----------------
targets -set -nocase -filter {name =~"*A53*0" && jtag_cable_name =~ "Digilent JTAG-SMT2NC 210308A74D50"} -index 1
con
----------------End of Script----------------

19:52:37 INFO  : Launch script is exported to file 'C:\Users\khazi\projects\GPIO_init\GPIO_init.sdk\.sdk\launch_scripts\xilinx_c-c++_application_(system_debugger)\system_debugger_using_debug_gpio_led.elf_on_local.tcl'
19:54:01 INFO  : Disconnected from the channel tcfchan#9.
19:54:02 INFO  : Connected to target on host '127.0.0.1' and port '3121'.
19:54:11 INFO  : Jtag cable 'Digilent JTAG-SMT2NC 210308A74D50' is selected.
19:54:11 INFO  : 'jtag frequency' command is executed.
19:54:11 INFO  : Sourcing of 'C:/Xilinx/SDK/2018.3/scripts/sdk/util/zynqmp_utils.tcl' is done.
19:54:11 INFO  : Context for 'APU' is selected.
19:54:11 INFO  : Hardware design information is loaded from 'C:/Users/khazi/projects/GPIO_init/GPIO_init.sdk/design_1_wrapper_hw_platform_0/system.hdf'.
19:54:11 INFO  : 'configparams force-mem-access 1' command is executed.
19:54:11 INFO  : Context for 'APU' is selected.
19:54:11 INFO  : Sourcing of 'C:/Users/khazi/projects/GPIO_init/GPIO_init.sdk/design_1_wrapper_hw_platform_0/psu_init.tcl' is done.
19:54:13 INFO  : 'psu_init' command is executed.
19:54:14 INFO  : 'after 1000' command is executed.
19:54:14 INFO  : 'psu_ps_pl_isolation_removal' command is executed.
19:54:15 INFO  : 'after 1000' command is executed.
19:54:15 INFO  : 'psu_ps_pl_reset_config' command is executed.
19:54:15 INFO  : 'catch {psu_protection}' command is executed.
19:54:15 INFO  : Context for processor 'psu_cortexa53_0' is selected.
19:54:15 INFO  : Processor reset is completed for 'psu_cortexa53_0'.
19:54:16 INFO  : The application 'C:/Users/khazi/projects/GPIO_init/GPIO_init.sdk/gpio_led/Debug/gpio_led.elf' is downloaded to processor 'psu_cortexa53_0'.
19:54:16 INFO  : 'configparams force-mem-access 0' command is executed.
19:54:16 INFO  : ----------------XSDB Script----------------
connect -url tcp:127.0.0.1:3121
source C:/Xilinx/SDK/2018.3/scripts/sdk/util/zynqmp_utils.tcl
targets -set -nocase -filter {name =~"APU*" && jtag_cable_name =~ "Digilent JTAG-SMT2NC 210308A74D50"} -index 1
loadhw -hw C:/Users/khazi/projects/GPIO_init/GPIO_init.sdk/design_1_wrapper_hw_platform_0/system.hdf -mem-ranges [list {0x80000000 0xbfffffff} {0x400000000 0x5ffffffff} {0x1000000000 0x7fffffffff}]
configparams force-mem-access 1
targets -set -nocase -filter {name =~"APU*" && jtag_cable_name =~ "Digilent JTAG-SMT2NC 210308A74D50"} -index 1
source C:/Users/khazi/projects/GPIO_init/GPIO_init.sdk/design_1_wrapper_hw_platform_0/psu_init.tcl
psu_init
after 1000
psu_ps_pl_isolation_removal
after 1000
psu_ps_pl_reset_config
catch {psu_protection}
targets -set -nocase -filter {name =~"*A53*0" && jtag_cable_name =~ "Digilent JTAG-SMT2NC 210308A74D50"} -index 1
rst -processor
dow C:/Users/khazi/projects/GPIO_init/GPIO_init.sdk/gpio_led/Debug/gpio_led.elf
configparams force-mem-access 0
----------------End of Script----------------

19:54:16 INFO  : Context for processor 'psu_cortexa53_0' is selected.
19:54:16 INFO  : 'con' command is executed.
19:54:16 INFO  : ----------------XSDB Script (After Launch)----------------
targets -set -nocase -filter {name =~"*A53*0" && jtag_cable_name =~ "Digilent JTAG-SMT2NC 210308A74D50"} -index 1
con
----------------End of Script----------------

19:54:16 INFO  : Launch script is exported to file 'C:\Users\khazi\projects\GPIO_init\GPIO_init.sdk\.sdk\launch_scripts\xilinx_c-c++_application_(system_debugger)\system_debugger_using_debug_gpio_led.elf_on_local.tcl'
19:55:30 INFO  : Disconnected from the channel tcfchan#10.
19:55:31 INFO  : Connected to target on host '127.0.0.1' and port '3121'.
19:55:40 INFO  : Jtag cable 'Digilent JTAG-SMT2NC 210308A74D50' is selected.
19:55:40 INFO  : 'jtag frequency' command is executed.
19:55:40 INFO  : Sourcing of 'C:/Xilinx/SDK/2018.3/scripts/sdk/util/zynqmp_utils.tcl' is done.
19:55:40 INFO  : Context for 'APU' is selected.
19:55:41 INFO  : Hardware design information is loaded from 'C:/Users/khazi/projects/GPIO_init/GPIO_init.sdk/design_1_wrapper_hw_platform_0/system.hdf'.
19:55:41 INFO  : 'configparams force-mem-access 1' command is executed.
19:55:41 INFO  : Context for 'APU' is selected.
19:55:41 INFO  : Sourcing of 'C:/Users/khazi/projects/GPIO_init/GPIO_init.sdk/design_1_wrapper_hw_platform_0/psu_init.tcl' is done.
19:55:43 INFO  : 'psu_init' command is executed.
19:55:44 INFO  : 'after 1000' command is executed.
19:55:44 INFO  : 'psu_ps_pl_isolation_removal' command is executed.
19:55:45 INFO  : 'after 1000' command is executed.
19:55:45 INFO  : 'psu_ps_pl_reset_config' command is executed.
19:55:45 INFO  : 'catch {psu_protection}' command is executed.
19:55:45 INFO  : Context for processor 'psu_cortexa53_0' is selected.
19:55:45 INFO  : Processor reset is completed for 'psu_cortexa53_0'.
19:55:45 INFO  : The application 'C:/Users/khazi/projects/GPIO_init/GPIO_init.sdk/gpio_led/Debug/gpio_led.elf' is downloaded to processor 'psu_cortexa53_0'.
19:55:45 INFO  : 'configparams force-mem-access 0' command is executed.
19:55:45 INFO  : ----------------XSDB Script----------------
connect -url tcp:127.0.0.1:3121
source C:/Xilinx/SDK/2018.3/scripts/sdk/util/zynqmp_utils.tcl
targets -set -nocase -filter {name =~"APU*" && jtag_cable_name =~ "Digilent JTAG-SMT2NC 210308A74D50"} -index 1
loadhw -hw C:/Users/khazi/projects/GPIO_init/GPIO_init.sdk/design_1_wrapper_hw_platform_0/system.hdf -mem-ranges [list {0x80000000 0xbfffffff} {0x400000000 0x5ffffffff} {0x1000000000 0x7fffffffff}]
configparams force-mem-access 1
targets -set -nocase -filter {name =~"APU*" && jtag_cable_name =~ "Digilent JTAG-SMT2NC 210308A74D50"} -index 1
source C:/Users/khazi/projects/GPIO_init/GPIO_init.sdk/design_1_wrapper_hw_platform_0/psu_init.tcl
psu_init
after 1000
psu_ps_pl_isolation_removal
after 1000
psu_ps_pl_reset_config
catch {psu_protection}
targets -set -nocase -filter {name =~"*A53*0" && jtag_cable_name =~ "Digilent JTAG-SMT2NC 210308A74D50"} -index 1
rst -processor
dow C:/Users/khazi/projects/GPIO_init/GPIO_init.sdk/gpio_led/Debug/gpio_led.elf
configparams force-mem-access 0
----------------End of Script----------------

19:55:45 INFO  : Context for processor 'psu_cortexa53_0' is selected.
19:55:46 INFO  : 'con' command is executed.
19:55:46 INFO  : ----------------XSDB Script (After Launch)----------------
targets -set -nocase -filter {name =~"*A53*0" && jtag_cable_name =~ "Digilent JTAG-SMT2NC 210308A74D50"} -index 1
con
----------------End of Script----------------

19:55:46 INFO  : Launch script is exported to file 'C:\Users\khazi\projects\GPIO_init\GPIO_init.sdk\.sdk\launch_scripts\xilinx_c-c++_application_(system_debugger)\system_debugger_using_debug_gpio_led.elf_on_local.tcl'
20:14:56 INFO  : Disconnected from the channel tcfchan#11.
20:14:57 INFO  : Connected to target on host '127.0.0.1' and port '3121'.
20:15:06 INFO  : Jtag cable 'Digilent JTAG-SMT2NC 210308A74D50' is selected.
20:15:06 INFO  : 'jtag frequency' command is executed.
20:15:06 INFO  : Sourcing of 'C:/Xilinx/SDK/2018.3/scripts/sdk/util/zynqmp_utils.tcl' is done.
20:15:06 INFO  : Context for 'APU' is selected.
20:15:06 INFO  : Hardware design information is loaded from 'C:/Users/khazi/projects/GPIO_init/GPIO_init.sdk/design_1_wrapper_hw_platform_0/system.hdf'.
20:15:06 INFO  : 'configparams force-mem-access 1' command is executed.
20:15:06 INFO  : Context for 'APU' is selected.
20:15:06 INFO  : Sourcing of 'C:/Users/khazi/projects/GPIO_init/GPIO_init.sdk/design_1_wrapper_hw_platform_0/psu_init.tcl' is done.
20:15:08 INFO  : 'psu_init' command is executed.
20:15:09 INFO  : 'after 1000' command is executed.
20:15:09 INFO  : 'psu_ps_pl_isolation_removal' command is executed.
20:15:10 INFO  : 'after 1000' command is executed.
20:15:10 INFO  : 'psu_ps_pl_reset_config' command is executed.
20:15:10 INFO  : 'catch {psu_protection}' command is executed.
20:15:10 INFO  : Context for processor 'psu_cortexa53_0' is selected.
20:15:10 INFO  : Processor reset is completed for 'psu_cortexa53_0'.
20:15:11 INFO  : The application 'C:/Users/khazi/projects/GPIO_init/GPIO_init.sdk/gpio_led/Debug/gpio_led.elf' is downloaded to processor 'psu_cortexa53_0'.
20:15:11 INFO  : 'configparams force-mem-access 0' command is executed.
20:15:11 INFO  : ----------------XSDB Script----------------
connect -url tcp:127.0.0.1:3121
source C:/Xilinx/SDK/2018.3/scripts/sdk/util/zynqmp_utils.tcl
targets -set -nocase -filter {name =~"APU*" && jtag_cable_name =~ "Digilent JTAG-SMT2NC 210308A74D50"} -index 1
loadhw -hw C:/Users/khazi/projects/GPIO_init/GPIO_init.sdk/design_1_wrapper_hw_platform_0/system.hdf -mem-ranges [list {0x80000000 0xbfffffff} {0x400000000 0x5ffffffff} {0x1000000000 0x7fffffffff}]
configparams force-mem-access 1
targets -set -nocase -filter {name =~"APU*" && jtag_cable_name =~ "Digilent JTAG-SMT2NC 210308A74D50"} -index 1
source C:/Users/khazi/projects/GPIO_init/GPIO_init.sdk/design_1_wrapper_hw_platform_0/psu_init.tcl
psu_init
after 1000
psu_ps_pl_isolation_removal
after 1000
psu_ps_pl_reset_config
catch {psu_protection}
targets -set -nocase -filter {name =~"*A53*0" && jtag_cable_name =~ "Digilent JTAG-SMT2NC 210308A74D50"} -index 1
rst -processor
dow C:/Users/khazi/projects/GPIO_init/GPIO_init.sdk/gpio_led/Debug/gpio_led.elf
configparams force-mem-access 0
----------------End of Script----------------

20:15:11 INFO  : Context for processor 'psu_cortexa53_0' is selected.
20:15:11 INFO  : 'con' command is executed.
20:15:11 INFO  : ----------------XSDB Script (After Launch)----------------
targets -set -nocase -filter {name =~"*A53*0" && jtag_cable_name =~ "Digilent JTAG-SMT2NC 210308A74D50"} -index 1
con
----------------End of Script----------------

20:15:11 INFO  : Launch script is exported to file 'C:\Users\khazi\projects\GPIO_init\GPIO_init.sdk\.sdk\launch_scripts\xilinx_c-c++_application_(system_debugger)\system_debugger_using_debug_gpio_led.elf_on_local.tcl'
20:19:04 INFO  : Disconnected from the channel tcfchan#12.
20:19:05 INFO  : Connected to target on host '127.0.0.1' and port '3121'.
20:19:13 INFO  : Jtag cable 'Digilent JTAG-SMT2NC 210308A74D50' is selected.
20:19:13 INFO  : 'jtag frequency' command is executed.
20:19:13 INFO  : Sourcing of 'C:/Xilinx/SDK/2018.3/scripts/sdk/util/zynqmp_utils.tcl' is done.
20:19:13 INFO  : Context for 'APU' is selected.
20:19:14 INFO  : Hardware design information is loaded from 'C:/Users/khazi/projects/GPIO_init/GPIO_init.sdk/design_1_wrapper_hw_platform_0/system.hdf'.
20:19:14 INFO  : 'configparams force-mem-access 1' command is executed.
20:19:14 INFO  : Context for 'APU' is selected.
20:19:14 INFO  : Sourcing of 'C:/Users/khazi/projects/GPIO_init/GPIO_init.sdk/design_1_wrapper_hw_platform_0/psu_init.tcl' is done.
20:19:15 INFO  : 'psu_init' command is executed.
20:19:16 INFO  : 'after 1000' command is executed.
20:19:16 INFO  : 'psu_ps_pl_isolation_removal' command is executed.
20:19:17 INFO  : 'after 1000' command is executed.
20:19:17 INFO  : 'psu_ps_pl_reset_config' command is executed.
20:19:17 INFO  : 'catch {psu_protection}' command is executed.
20:19:17 INFO  : Context for processor 'psu_cortexa53_0' is selected.
20:19:17 INFO  : Processor reset is completed for 'psu_cortexa53_0'.
20:19:18 INFO  : The application 'C:/Users/khazi/projects/GPIO_init/GPIO_init.sdk/gpio_led/Debug/gpio_led.elf' is downloaded to processor 'psu_cortexa53_0'.
20:19:18 INFO  : 'configparams force-mem-access 0' command is executed.
20:19:18 INFO  : ----------------XSDB Script----------------
connect -url tcp:127.0.0.1:3121
source C:/Xilinx/SDK/2018.3/scripts/sdk/util/zynqmp_utils.tcl
targets -set -nocase -filter {name =~"APU*" && jtag_cable_name =~ "Digilent JTAG-SMT2NC 210308A74D50"} -index 1
loadhw -hw C:/Users/khazi/projects/GPIO_init/GPIO_init.sdk/design_1_wrapper_hw_platform_0/system.hdf -mem-ranges [list {0x80000000 0xbfffffff} {0x400000000 0x5ffffffff} {0x1000000000 0x7fffffffff}]
configparams force-mem-access 1
targets -set -nocase -filter {name =~"APU*" && jtag_cable_name =~ "Digilent JTAG-SMT2NC 210308A74D50"} -index 1
source C:/Users/khazi/projects/GPIO_init/GPIO_init.sdk/design_1_wrapper_hw_platform_0/psu_init.tcl
psu_init
after 1000
psu_ps_pl_isolation_removal
after 1000
psu_ps_pl_reset_config
catch {psu_protection}
targets -set -nocase -filter {name =~"*A53*0" && jtag_cable_name =~ "Digilent JTAG-SMT2NC 210308A74D50"} -index 1
rst -processor
dow C:/Users/khazi/projects/GPIO_init/GPIO_init.sdk/gpio_led/Debug/gpio_led.elf
configparams force-mem-access 0
----------------End of Script----------------

20:19:18 INFO  : Context for processor 'psu_cortexa53_0' is selected.
20:19:18 INFO  : 'con' command is executed.
20:19:18 INFO  : ----------------XSDB Script (After Launch)----------------
targets -set -nocase -filter {name =~"*A53*0" && jtag_cable_name =~ "Digilent JTAG-SMT2NC 210308A74D50"} -index 1
con
----------------End of Script----------------

20:19:18 INFO  : Launch script is exported to file 'C:\Users\khazi\projects\GPIO_init\GPIO_init.sdk\.sdk\launch_scripts\xilinx_c-c++_application_(system_debugger)\system_debugger_using_debug_gpio_led.elf_on_local.tcl'
21:07:13 INFO  : Disconnected from the channel tcfchan#13.
